edu12-4 16:31:09.027 INFO  com.kt.edu.thirdproject.ThirdprojectApplication : - Starting ThirdprojectApplication using Java 17.0.2 on jake-MacBookAir.local with PID 64871 (/Users/jakelee/Downloads/edu_new2/target/classes started by jakelee in /Users/jakelee/Downloads/edu_new2) 
edu12-4 16:31:09.029 DEBUG com.kt.edu.thirdproject.ThirdprojectApplication : - Running with Spring Boot v2.6.3, Spring v5.3.15 
edu12-4 16:31:09.029 INFO  com.kt.edu.thirdproject.ThirdprojectApplication : - The following profiles are active: local 
edu12-4 16:31:09.046 INFO  org.springframework.boot.devtools.env.DevToolsPropertyDefaultsPostProcessor : - Devtools property defaults active! Set 'spring.devtools.add-properties' to 'false' to disable 
edu12-4 16:31:09.046 INFO  org.springframework.boot.devtools.env.DevToolsPropertyDefaultsPostProcessor : - For additional web related logging consider setting the 'logging.level.web' property to 'DEBUG' 
edu12-4 16:31:09.433 INFO  org.springframework.data.repository.config.RepositoryConfigurationDelegate : - Bootstrapping Spring Data JDBC repositories in DEFAULT mode. 
edu12-4 16:31:09.451 INFO  org.springframework.data.repository.config.RepositoryConfigurationDelegate : - Finished Spring Data repository scanning in 16 ms. Found 1 JDBC repository interfaces. 
edu12-4 16:31:09.540 INFO  com.ulisesbocchio.jasyptspringboot.configuration.EnableEncryptablePropertiesBeanFactoryPostProcessor : - Post-processing PropertySource instances 
edu12-4 16:31:09.564 INFO  com.ulisesbocchio.jasyptspringboot.EncryptablePropertySourceConverter : - Converting PropertySource configurationProperties [org.springframework.boot.context.properties.source.ConfigurationPropertySourcesPropertySource] to AOP Proxy 
edu12-4 16:31:09.564 INFO  com.ulisesbocchio.jasyptspringboot.EncryptablePropertySourceConverter : - Converting PropertySource servletConfigInitParams [org.springframework.core.env.PropertySource$StubPropertySource] to EncryptablePropertySourceWrapper 
edu12-4 16:31:09.564 INFO  com.ulisesbocchio.jasyptspringboot.EncryptablePropertySourceConverter : - Converting PropertySource servletContextInitParams [org.springframework.core.env.PropertySource$StubPropertySource] to EncryptablePropertySourceWrapper 
edu12-4 16:31:09.565 INFO  com.ulisesbocchio.jasyptspringboot.EncryptablePropertySourceConverter : - Converting PropertySource systemProperties [org.springframework.core.env.PropertiesPropertySource] to EncryptableMapPropertySourceWrapper 
edu12-4 16:31:09.565 INFO  com.ulisesbocchio.jasyptspringboot.EncryptablePropertySourceConverter : - Converting PropertySource systemEnvironment [org.springframework.boot.env.SystemEnvironmentPropertySourceEnvironmentPostProcessor$OriginAwareSystemEnvironmentPropertySource] to EncryptableMapPropertySourceWrapper 
edu12-4 16:31:09.565 INFO  com.ulisesbocchio.jasyptspringboot.EncryptablePropertySourceConverter : - Converting PropertySource random [org.springframework.boot.env.RandomValuePropertySource] to EncryptablePropertySourceWrapper 
edu12-4 16:31:09.565 INFO  com.ulisesbocchio.jasyptspringboot.EncryptablePropertySourceConverter : - Converting PropertySource Config resource 'class path resource [application-local.yml]' via location 'optional:classpath:/' [org.springframework.boot.env.OriginTrackedMapPropertySource] to EncryptableMapPropertySourceWrapper 
edu12-4 16:31:09.565 INFO  com.ulisesbocchio.jasyptspringboot.EncryptablePropertySourceConverter : - Converting PropertySource Config resource 'class path resource [application.yml]' via location 'optional:classpath:/' [org.springframework.boot.env.OriginTrackedMapPropertySource] to EncryptableMapPropertySourceWrapper 
edu12-4 16:31:09.565 INFO  com.ulisesbocchio.jasyptspringboot.EncryptablePropertySourceConverter : - Converting PropertySource devtools [org.springframework.core.env.MapPropertySource] to EncryptableMapPropertySourceWrapper 
edu12-4 16:31:09.575 INFO  com.ulisesbocchio.jasyptspringboot.filter.DefaultLazyPropertyFilter : - Property Filter custom Bean not found with name 'encryptablePropertyFilter'. Initializing Default Property Filter 
edu12-4 16:31:09.650 INFO  com.ulisesbocchio.jasyptspringboot.resolver.DefaultLazyPropertyResolver : - Property Resolver custom Bean not found with name 'encryptablePropertyResolver'. Initializing Default Property Resolver 
edu12-4 16:31:09.651 INFO  com.ulisesbocchio.jasyptspringboot.detector.DefaultLazyPropertyDetector : - Property Detector custom Bean not found with name 'encryptablePropertyDetector'. Initializing Default Property Detector 
edu12-4 16:31:09.746 INFO  org.springframework.boot.web.embedded.tomcat.TomcatWebServer : - Tomcat initialized with port(s): 8080 (http) 
edu12-4 16:31:09.750 INFO  org.apache.coyote.http11.Http11NioProtocol : - Initializing ProtocolHandler ["http-nio-8080"] 
edu12-4 16:31:09.750 INFO  org.apache.catalina.core.StandardService : - Starting service [Tomcat] 
edu12-4 16:31:09.750 INFO  org.apache.catalina.core.StandardEngine : - Starting Servlet engine: [Apache Tomcat/9.0.56] 
edu12-4 16:31:09.772 INFO  org.apache.catalina.core.ContainerBase.[Tomcat].[localhost].[/] : - Initializing Spring embedded WebApplicationContext 
edu12-4 16:31:09.772 INFO  org.springframework.boot.web.servlet.context.ServletWebServerApplicationContext : - Root WebApplicationContext: initialization completed in 725 ms 
edu12-4 16:31:09.817 INFO  com.ulisesbocchio.jasyptspringboot.encryptor.DefaultLazyEncryptor : - Found Custom Encryptor Bean org.jasypt.encryption.pbe.StandardPBEStringEncryptor@2b46dae7 with name: jasyptStringEncryptor 
edu12-4 16:31:09.845 INFO  com.zaxxer.hikari.HikariDataSource : - hikari-cp - Starting... 
edu12-4 16:31:09.894 INFO  com.zaxxer.hikari.HikariDataSource : - hikari-cp - Start completed. 
edu12-4 16:31:09.903 INFO  org.springframework.boot.autoconfigure.h2.H2ConsoleAutoConfiguration : - H2 console available at '/h2-console'. Database available at 'jdbc:h2:mem:testdb' 
edu12-4 16:31:10.013 DEBUG com.kt.edu.thirdproject.common.config.JwtRequestFilter : - Filter 'jwtRequestFilter' configured for use 
edu12-4 16:31:10.077 INFO  jdbc.sqltiming : - create sequence hibernate_sequence\n {executed in 1 msec} 
edu12-4 16:31:10.078 INFO  jdbc.sqltiming : - create table employee ( id long not null, empName varchar(255), empDeptName varchar(255), empTelNo varchar(20), empMail varchar(25) )\n {executed in 1 msec} 
edu12-4 16:31:10.079 INFO  jdbc.sqltiming : - alter table employee add constraint employee_pk primary key (id)\n {executed in 1 msec} 
edu12-4 16:31:10.154 INFO  org.springframework.boot.devtools.autoconfigure.OptionalLiveReloadServer : - LiveReload server is running on port 35729 
edu12-4 16:31:10.225 INFO  org.springframework.security.web.DefaultSecurityFilterChain : - Will secure Ant [pattern='/resources/**'] with [] 
edu12-4 16:31:10.225 INFO  org.springframework.security.web.DefaultSecurityFilterChain : - Will secure Ant [pattern='/css/**'] with [] 
edu12-4 16:31:10.225 INFO  org.springframework.security.web.DefaultSecurityFilterChain : - Will secure Ant [pattern='/vendor/**'] with [] 
edu12-4 16:31:10.225 INFO  org.springframework.security.web.DefaultSecurityFilterChain : - Will secure Ant [pattern='/js/**'] with [] 
edu12-4 16:31:10.225 INFO  org.springframework.security.web.DefaultSecurityFilterChain : - Will secure Ant [pattern='/favicon*/**'] with [] 
edu12-4 16:31:10.225 INFO  org.springframework.security.web.DefaultSecurityFilterChain : - Will secure Ant [pattern='/img/**'] with [] 
edu12-4 16:31:10.243 INFO  org.springframework.security.web.DefaultSecurityFilterChain : - Will secure any request with [org.springframework.security.web.context.request.async.WebAsyncManagerIntegrationFilter@4b2a019a, org.springframework.security.web.context.SecurityContextPersistenceFilter@2323b298, org.springframework.security.web.header.HeaderWriterFilter@1e685859, org.springframework.web.filter.CorsFilter@7eca18b6, org.springframework.security.web.authentication.logout.LogoutFilter@3305b552, com.kt.edu.thirdproject.common.config.JwtRequestFilter@275cb68b, org.springframework.security.web.savedrequest.RequestCacheAwareFilter@1aa22c29, org.springframework.security.web.servletapi.SecurityContextHolderAwareRequestFilter@22633789, org.springframework.security.web.authentication.AnonymousAuthenticationFilter@2725d29d, org.springframework.security.web.session.SessionManagementFilter@41385be9, org.springframework.security.web.access.ExceptionTranslationFilter@28db1ec2, org.springframework.security.web.access.intercept.FilterSecurityInterceptor@5c7d250c] 
edu12-4 16:31:10.612 INFO  org.springframework.boot.actuate.endpoint.web.EndpointLinksResolver : - Exposing 1 endpoint(s) beneath base path '/actuator' 
edu12-4 16:31:10.638 INFO  org.apache.coyote.http11.Http11NioProtocol : - Starting ProtocolHandler ["http-nio-8080"] 
edu12-4 16:31:10.645 INFO  org.springframework.boot.web.embedded.tomcat.TomcatWebServer : - Tomcat started on port(s): 8080 (http) with context path '' 
edu12-4 16:31:10.653 INFO  com.kt.edu.thirdproject.ThirdprojectApplication : - Started ThirdprojectApplication in 1.76 seconds (JVM running for 2.415) 
edu12-4 16:31:10.746 INFO  org.apache.catalina.core.ContainerBase.[Tomcat].[localhost].[/] : - Initializing Spring DispatcherServlet 'dispatcherServlet' 
edu12-4 16:31:10.746 INFO  org.springframework.web.servlet.DispatcherServlet : - Initializing Servlet 'dispatcherServlet' 
edu12-4 16:31:10.746 INFO  org.springframework.web.servlet.DispatcherServlet : - Completed initialization in 0 ms 
edu12-4 16:41:12.293 WARN  com.kt.edu.thirdproject.common.config.JwtRequestFilter : - JWT Token does not begin with Bearer String 
edu12-4 16:41:12.398 INFO  com.kt.edu.thirdproject.employee.service.EmployeeService : - Request to get all Employees 
edu12-4 16:41:12.399 INFO  com.kt.edu.thirdproject.employee.service.EmployeeService : - h2 password : edu1234 
edu12-4 16:41:12.431 INFO  jdbc.sqltiming : - SELECT "EMPLOYEE"."ID" AS "ID", "EMPLOYEE"."EMPNAME" AS "EMPNAME", "EMPLOYEE"."EMPMAIL" AS "EMPMAIL", "EMPLOYEE"."EMPTELNO" AS "EMPTELNO", "EMPLOYEE"."EMPDEPTNAME" AS "EMPDEPTNAME" FROM "EMPLOYEE"\n {executed in 1 msec} 
edu12-4 16:41:12.435 INFO  jdbc.resultsettable : - \n|---|--------|--------|---------|------------|\n|id |empname |empmail |emptelno |empdeptname |\n|---|--------|--------|---------|------------|\n|---|--------|--------|---------|------------|\n 
edu12-4 16:41:43.384 INFO  com.kt.edu.thirdproject.employee.service.EmployeeService : - Request to create Employee : EmployeeEntity(id=null, empName=1, empDeptName=1, empTelNo=1, empMail=1, isNew=false) 
edu12-4 16:41:43.396 INFO  jdbc.sqltiming : - SELECT hibernate_sequence.nextval FROM  dual\n {executed in 2 msec} 
edu12-4 16:41:43.397 INFO  jdbc.resultsettable : - \n|-----------------------------------------|\n|next value for public.hibernate_sequence |\n|-----------------------------------------|\n|1                                        |\n|-----------------------------------------|\n 
edu12-4 16:41:43.420 INFO  jdbc.sqltiming : - INSERT INTO "EMPLOYEE" ("EMPDEPTNAME", "EMPMAIL", "EMPNAME", "EMPTELNO", "ID") VALUES ('1', '1', '1', '1', 1)\n {executed in 1 msec} 
edu12-4 16:41:43.435 INFO  com.kt.edu.thirdproject.employee.service.EmployeeService : - Request to get all Employees 
edu12-4 16:41:43.435 INFO  com.kt.edu.thirdproject.employee.service.EmployeeService : - h2 password : edu1234 
edu12-4 16:41:43.435 INFO  jdbc.sqltiming : - SELECT "EMPLOYEE"."ID" AS "ID", "EMPLOYEE"."EMPNAME" AS "EMPNAME", "EMPLOYEE"."EMPMAIL" AS "EMPMAIL", "EMPLOYEE"."EMPTELNO" AS "EMPTELNO", "EMPLOYEE"."EMPDEPTNAME" AS "EMPDEPTNAME" FROM "EMPLOYEE"\n {executed in 0 msec} 
edu12-4 16:41:43.443 INFO  jdbc.resultsettable : - \n|---|--------|--------|---------|------------|\n|id |empname |empmail |emptelno |empdeptname |\n|---|--------|--------|---------|------------|\n|1  |1       |1       |1        |1           |\n|---|--------|--------|---------|------------|\n 
edu12-4 16:41:45.285 INFO  com.kt.edu.thirdproject.employee.service.EmployeeService : - Request to delete Employee id : 1 
edu12-4 16:41:45.292 INFO  jdbc.sqltiming : - SELECT "EMPLOYEE"."ID" AS "ID", "EMPLOYEE"."EMPNAME" AS "EMPNAME", "EMPLOYEE"."EMPMAIL" AS "EMPMAIL", "EMPLOYEE"."EMPTELNO" AS "EMPTELNO", "EMPLOYEE"."EMPDEPTNAME" AS "EMPDEPTNAME" FROM "EMPLOYEE" WHERE "EMPLOYEE"."ID" = 1\n {executed in 0 msec} 
edu12-4 16:41:45.294 INFO  jdbc.resultsettable : - \n|---|--------|--------|---------|------------|\n|id |empname |empmail |emptelno |empdeptname |\n|---|--------|--------|---------|------------|\n|1  |1       |1       |1        |1           |\n|---|--------|--------|---------|------------|\n 
edu12-4 16:41:45.300 INFO  jdbc.sqltiming : - DELETE FROM "EMPLOYEE" WHERE "EMPLOYEE"."ID" = 1\n {executed in 1 msec} 
